<?xml version="1.0" encoding="UTF-8"?>
<!-- Generated by org.testng.reporters.JUnitXMLReporter -->
<testsuite ignored="0" hostname="DESKTOP-MG4TLCT" failures="0" tests="3" name="unitTest" time="1.966" errors="0" timestamp="2021-09-13T23:18:55 CST">
  <testcase classname="UnitTesting.UnitTesting" name="agregarCliente" time="1.832"/>
  <testcase classname="UnitTesting.UnitTesting" name="gettersYsettersInventario" time="0.006"/>
  <testcase classname="UnitTesting.UnitTesting" name="gettersYsettersPedidos" time="0.001"/>
</testsuite> <!-- unitTest -->
