<?xml version="1.0" encoding="UTF-8"?>
<!-- Generated by org.testng.reporters.JUnitXMLReporter -->
<testsuite ignored="0" hostname="DESKTOP-9A1LU4R" failures="1" tests="3" name="unitTest" time="0.77" errors="0" timestamp="2021-08-15T11:20:00 CST">
  <testcase classname="UnitTesting.UnitTesting" name="agregarCliente" time="0.67"/>
  <testcase classname="UnitTesting.UnitTesting" name="gettersYsettersInventario" time="0.011">
    <failure type="java.lang.AssertionError" message="Error getters y setter Inventario
	expected [21] but found [20]">
      <![CDATA[java.lang.AssertionError: Error getters y setter Inventario
expected [21] but found [20]
at UnitTesting.UnitTesting.gettersYsettersInventario(UnitTesting.java:112)
at java.base/java.util.ArrayList.forEach(ArrayList.java:1511)
... Removed 32 stack frames]]>
    </failure>
  </testcase> <!-- gettersYsettersInventario -->
  <testcase classname="UnitTesting.UnitTesting" name="gettersYsettersPedidos" time="0.003"/>
</testsuite> <!-- unitTest -->
