<?xml version="1.0" encoding="UTF-8"?>
<testsuite xmlns:xsi="http://www.w3.org/2001/XMLSchema-instance" xsi:noNamespaceSchemaLocation="https://maven.apache.org/surefire/maven-surefire-plugin/xsd/surefire-test-report.xsd" name="TestSuite" time="1.332" tests="3" errors="0" skipped="0" failures="1">
  <properties>
[...]
</properties>
  <testcase name="agregarCliente" classname="UnitTesting.UnitTesting" time="0.674"/>
  <testcase name="gettersYsettersInventario" classname="UnitTesting.UnitTesting" time="0.027">
    <failure message="Error getters y setter Inventario&#10;	expected [21] but found [20]" type="java.lang.AssertionError">java.lang.AssertionError: 
Error getters y setter Inventario
	expected [21] but found [20]
	at UnitTesting.UnitTesting.gettersYsettersInventario(UnitTesting.java:112)
</failure>
    <system-out><![CDATA[Prueba agregar nuevo Cliente
]]></system-out>
  </testcase>
  <testcase name="gettersYsettersPedidos" classname="UnitTesting.UnitTesting" time="0.002"/>
</testsuite>