<?xml version="1.0" encoding="UTF-8"?>
<testsuite xmlns:xsi="http://www.w3.org/2001/XMLSchema-instance" xsi:noNamespaceSchemaLocation="https://maven.apache.org/surefire/maven-surefire-plugin/xsd/surefire-test-report.xsd" name="TestSuite" time="1.13" tests="3" errors="0" skipped="0" failures="0">
  <properties>
[...]
</properties>
  <testcase name="agregarCliente" classname="UnitTesting.UnitTesting" time="0.471"/>
  <testcase name="gettersYsettersInventario" classname="UnitTesting.UnitTesting" time="0"/>
  <testcase name="gettersYsettersPedidos" classname="UnitTesting.UnitTesting" time="0"/>
</testsuite>