<?xml version="1.0" encoding="UTF-8"?>
<testng-results ignored="0" total="3" passed="3" failed="0" skipped="0">
  <reporter-output>
  </reporter-output>
  <suite started-at="2021-09-13T23:18:53 CST" name="Tercera-Entrega-Suit" finished-at="2021-09-13T23:18:55 CST" duration-ms="1966">
    <groups>
      <group name="unitTest">
        <method signature="UnitTesting.agregarCliente()[pri:0, instance:UnitTesting.UnitTesting@4d464510]" name="agregarCliente" class="UnitTesting.UnitTesting"/>
        <method signature="UnitTesting.gettersYsettersInventario()[pri:0, instance:UnitTesting.UnitTesting@4d464510]" name="gettersYsettersInventario" class="UnitTesting.UnitTesting"/>
        <method signature="UnitTesting.gettersYsettersPedidos()[pri:0, instance:UnitTesting.UnitTesting@4d464510]" name="gettersYsettersPedidos" class="UnitTesting.UnitTesting"/>
      </group> <!-- unitTest -->
    </groups>
    <test started-at="2021-09-13T23:18:53 CST" name="unitTest" finished-at="2021-09-13T23:18:55 CST" duration-ms="1966">
      <class name="UnitTesting.UnitTesting">
        <test-method signature="agregarCliente()[pri:0, instance:UnitTesting.UnitTesting@4d464510]" started-at="2021-09-13T23:18:53 CST" name="agregarCliente" description="Prueba agregar nuevo Cliente" finished-at="2021-09-13T23:18:55 CST" duration-ms="1832" status="PASS">
          <reporter-output>
          </reporter-output>
        </test-method> <!-- agregarCliente -->
        <test-method signature="gettersYsettersInventario()[pri:0, instance:UnitTesting.UnitTesting@4d464510]" started-at="2021-09-13T23:18:55 CST" name="gettersYsettersInventario" description="Prueba métodos getter y setter de Inventario" finished-at="2021-09-13T23:18:55 CST" duration-ms="6" status="PASS">
          <reporter-output>
          </reporter-output>
        </test-method> <!-- gettersYsettersInventario -->
        <test-method signature="gettersYsettersPedidos()[pri:0, instance:UnitTesting.UnitTesting@4d464510]" started-at="2021-09-13T23:18:55 CST" name="gettersYsettersPedidos" description="Prueba métodos getter y setter de Pedidos" finished-at="2021-09-13T23:18:55 CST" duration-ms="1" status="PASS">
          <reporter-output>
          </reporter-output>
        </test-method> <!-- gettersYsettersPedidos -->
      </class> <!-- UnitTesting.UnitTesting -->
    </test> <!-- unitTest -->
  </suite> <!-- Tercera-Entrega-Suit -->
</testng-results>
